Arguments: 
  /usr/local/bin/node /Users/admin/.yarn/bin/yarn.js add @google-cloud/speech

PATH: 
  /Users/admin/.yarn/bin:/Users/admin/.config/yarn/global/node_modules/.bin:/usr/local/bin:/usr/bin:/bin:/usr/sbin:/sbin:/Applications/VMware Fusion.app/Contents/Public:/usr/local/share/dotnet:~/.dotnet/tools:/Library/Apple/usr/bin:/Library/Frameworks/Mono.framework/Versions/Current/Commands:/Volumes/Data/Android_SDK/platform-tools

Yarn version: 
  1.22.5

Node version: 
  10.15.0

Platform: 
  darwin x64

Trace: 
  SyntaxError: /Users/admin/Documents/node_test/package.json: Unexpected token } in JSON at position 185
      at JSON.parse (<anonymous>)
      at /Users/admin/.yarn/lib/cli.js:1625:59
      at Generator.next (<anonymous>)
      at step (/Users/admin/.yarn/lib/cli.js:310:30)
      at /Users/admin/.yarn/lib/cli.js:321:13

npm manifest: 
  {
    "name": "tempnode",
    "version": "0.1",
    "description": "upload test",
    "main": "upload_test_node.js",
    "license": "MIT",
    "scripts": {
    "start": "node upload_test_node.js",
    },
    "dependencies": {
      "formidable": "^1.2.2"
    }
  }

yarn manifest: 
  No manifest

Lockfile: 
  # THIS IS AN AUTOGENERATED FILE. DO NOT EDIT THIS FILE DIRECTLY.
  # yarn lockfile v1
  
  
  formidable@^1.2.2:
    version "1.2.2"
    resolved "https://registry.yarnpkg.com/formidable/-/formidable-1.2.2.tgz#bf69aea2972982675f00865342b982986f6b8dd9"
    integrity sha512-V8gLm+41I/8kguQ4/o1D3RIHRmhYFG4pnNyonvua+40rqcEmT4+V71yaZ3B457xbbgCsCfjSPi65u/W6vK1U5Q==
